<?xml version="1.0" encoding="UTF-8"?>
<testsuite name="org.example.cosmocats.service.CosmoCatFeatureDisabledTest" tests="1" skipped="0" failures="0" errors="0" timestamp="2025-11-11T16:40:30.341Z" hostname="MAX0NEE" time="0.516">
  <properties/>
  <testcase name="getCosmoCats_whenFeatureDisabled_throws()" classname="org.example.cosmocats.service.CosmoCatFeatureDisabledTest" time="0.516"/>
  <system-out><![CDATA[18:40:28.682 [Test worker] INFO org.springframework.test.context.support.AnnotationConfigContextLoaderUtils -- Could not detect default configuration classes for test class [org.example.cosmocats.service.CosmoCatFeatureDisabledTest]: CosmoCatFeatureDisabledTest does not declare any static, non-private, non-final, nested classes annotated with @Configuration.
18:40:28.756 [Test worker] INFO org.springframework.boot.test.context.SpringBootTestContextBootstrapper -- Found @SpringBootConfiguration org.example.cosmocats.CosmoCatsFeatureToggleApplication for test class org.example.cosmocats.service.CosmoCatFeatureDisabledTest

  .   ____          _            __ _ _
 /\\ / ___'_ __ _ _(_)_ __  __ _ \ \ \ \
( ( )\___ | '_ | '_| | '_ \/ _` | \ \ \ \
 \\/  ___)| |_)| | | | | || (_| |  ) ) ) )
  '  |____| .__|_| |_|_| |_\__, | / / / /
 =========|_|==============|___/=/_/_/_/
 :: Spring Boot ::                (v3.2.0)

2025-11-11T18:40:29.070+02:00  INFO 4700 --- [    Test worker] o.e.c.s.CosmoCatFeatureDisabledTest      : Starting CosmoCatFeatureDisabledTest using Java 21.0.9 with PID 4700 (started by maksd in D:\cosmo-cats-lab2-copy)
2025-11-11T18:40:29.072+02:00  INFO 4700 --- [    Test worker] o.e.c.s.CosmoCatFeatureDisabledTest      : No active profile set, falling back to 1 default profile: "default"
2025-11-11T18:40:30.304+02:00  INFO 4700 --- [    Test worker] o.e.c.s.CosmoCatFeatureDisabledTest      : Started CosmoCatFeatureDisabledTest in 1.422 seconds (process running for 2.28)
[Demo] Calling CosmoCatService.getCosmoCats() ...
]]></system-out>
  <system-err><![CDATA[[Demo] Exception calling getCosmoCats(): org.example.cosmocats.feature.FeatureNotAvailableException - Feature 'cosmoCats' is not available
WARNING: A Java agent has been loaded dynamically (C:\Users\maksd\.gradle\caches\modules-2\files-2.1\net.bytebuddy\byte-buddy-agent\1.14.10\90ed94ac044ea8953b224304c762316e91fd6b31\byte-buddy-agent-1.14.10.jar)
WARNING: If a serviceability tool is in use, please run with -XX:+EnableDynamicAgentLoading to hide this warning
WARNING: If a serviceability tool is not in use, please run with -Djdk.instrument.traceUsage for more information
WARNING: Dynamic loading of agents will be disallowed by default in a future release
]]></system-err>
</testsuite>
