<?xml version="1.0" encoding="UTF-8"?>
<testsuite name="org.example.cosmocats.service.CosmoCatFeatureEnabledTest" tests="1" skipped="0" failures="0" errors="0" timestamp="2025-11-27T15:26:53.534Z" hostname="MAX0NEE" time="0.005">
  <properties/>
  <testcase name="getCosmoCats_whenFeatureEnabled_returnsList()" classname="org.example.cosmocats.service.CosmoCatFeatureEnabledTest" time="0.005"/>
  <system-out><![CDATA[2025-11-27T17:26:52.893+02:00  INFO 432 --- [    Test worker] t.c.s.AnnotationConfigContextLoaderUtils : Could not detect default configuration classes for test class [org.example.cosmocats.service.CosmoCatFeatureEnabledTest]: CosmoCatFeatureEnabledTest does not declare any static, non-private, non-final, nested classes annotated with @Configuration.
2025-11-27T17:26:52.896+02:00  INFO 432 --- [    Test worker] .b.t.c.SpringBootTestContextBootstrapper : Found @SpringBootConfiguration org.example.cosmocats.CosmoCatsFeatureToggleApplication for test class org.example.cosmocats.service.CosmoCatFeatureEnabledTest

  .   ____          _            __ _ _
 /\\ / ___'_ __ _ _(_)_ __  __ _ \ \ \ \
( ( )\___ | '_ | '_| | '_ \/ _` | \ \ \ \
 \\/  ___)| |_)| | | | | || (_| |  ) ) ) )
  '  |____| .__|_| |_|_| |_\__, | / / / /
 =========|_|==============|___/=/_/_/_/
 :: Spring Boot ::                (v3.2.0)

2025-11-27T17:26:52.911+02:00  INFO 432 --- [    Test worker] o.e.c.s.CosmoCatFeatureEnabledTest       : Starting CosmoCatFeatureEnabledTest using Java 21.0.9 with PID 432 (started by maksd in D:\CosmoCats-lab3)
2025-11-27T17:26:52.912+02:00  INFO 432 --- [    Test worker] o.e.c.s.CosmoCatFeatureEnabledTest       : No active profile set, falling back to 1 default profile: "default"
2025-11-27T17:26:53.028+02:00  INFO 432 --- [    Test worker] .s.d.r.c.RepositoryConfigurationDelegate : Bootstrapping Spring Data JPA repositories in DEFAULT mode.
2025-11-27T17:26:53.036+02:00  INFO 432 --- [    Test worker] .s.d.r.c.RepositoryConfigurationDelegate : Finished Spring Data repository scanning in 7 ms. Found 5 JPA repository interfaces.
2025-11-27T17:26:53.092+02:00  INFO 432 --- [    Test worker] o.hibernate.jpa.internal.util.LogHelper  : HHH000204: Processing PersistenceUnitInfo [name: default]
2025-11-27T17:26:53.093+02:00  INFO 432 --- [    Test worker] o.h.c.internal.RegionFactoryInitiator    : HHH000026: Second-level cache disabled
2025-11-27T17:26:53.096+02:00  INFO 432 --- [    Test worker] o.s.o.j.p.SpringPersistenceUnitInfo      : No LoadTimeWeaver setup: ignoring JPA class transformer
2025-11-27T17:26:53.097+02:00  INFO 432 --- [    Test worker] com.zaxxer.hikari.HikariDataSource       : HikariPool-3 - Starting...
2025-11-27T17:26:53.108+02:00  INFO 432 --- [    Test worker] com.zaxxer.hikari.pool.HikariPool        : HikariPool-3 - Added connection org.postgresql.jdbc.PgConnection@31880c66
2025-11-27T17:26:53.109+02:00  INFO 432 --- [    Test worker] com.zaxxer.hikari.HikariDataSource       : HikariPool-3 - Start completed.
2025-11-27T17:26:53.233+02:00  INFO 432 --- [    Test worker] o.h.e.t.j.p.i.JtaPlatformInitiator       : HHH000489: No JTA platform available (set 'hibernate.transaction.jta.platform' to enable JTA platform integration)
2025-11-27T17:26:53.248+02:00  INFO 432 --- [    Test worker] j.LocalContainerEntityManagerFactoryBean : Initialized JPA EntityManagerFactory for persistence unit 'default'
2025-11-27T17:26:53.393+02:00  WARN 432 --- [    Test worker] JpaBaseConfiguration$JpaWebConfiguration : spring.jpa.open-in-view is enabled by default. Therefore, database queries may be performed during view rendering. Explicitly configure spring.jpa.open-in-view to disable this warning
2025-11-27T17:26:53.532+02:00  INFO 432 --- [    Test worker] o.e.c.s.CosmoCatFeatureEnabledTest       : Started CosmoCatFeatureEnabledTest in 0.634 seconds (process running for 13.465)
[Demo] Calling CosmoCatService.getCosmoCats() ...
[Demo] CosmoCats: [Nebula Kitty, Stellar Paws, Luna Meow]
]]></system-out>
  <system-err><![CDATA[]]></system-err>
</testsuite>
