<?xml version="1.0" encoding="UTF-8"?>
<testsuite name="org.example.cosmocats.RepositoryIntegrationTest" tests="1" skipped="0" failures="0" errors="0" timestamp="2025-11-27T14:52:48.364Z" hostname="MAX0NEE" time="0.65">
  <properties/>
  <testcase name="fullCrudFlow_createsOrderWithLines()" classname="org.example.cosmocats.RepositoryIntegrationTest" time="0.65"/>
  <system-out><![CDATA[16:52:40.986 [Test worker] INFO org.springframework.test.context.support.AnnotationConfigContextLoaderUtils -- Could not detect default configuration classes for test class [org.example.cosmocats.RepositoryIntegrationTest]: RepositoryIntegrationTest does not declare any static, non-private, non-final, nested classes annotated with @Configuration.
16:52:41.170 [Test worker] INFO org.springframework.boot.test.context.SpringBootTestContextBootstrapper -- Found @SpringBootConfiguration org.example.cosmocats.CosmoCatsFeatureToggleApplication for test class org.example.cosmocats.RepositoryIntegrationTest

  .   ____          _            __ _ _
 /\\ / ___'_ __ _ _(_)_ __  __ _ \ \ \ \
( ( )\___ | '_ | '_| | '_ \/ _` | \ \ \ \
 \\/  ___)| |_)| | | | | || (_| |  ) ) ) )
  '  |____| .__|_| |_|_| |_\__, | / / / /
 =========|_|==============|___/=/_/_/_/
 :: Spring Boot ::                (v3.2.0)

2025-11-27T16:52:41.738+02:00  INFO 8948 --- [    Test worker] o.e.cosmocats.RepositoryIntegrationTest  : Starting RepositoryIntegrationTest using Java 21.0.9 with PID 8948 (started by maksd in D:\CosmoCats-lab3)
2025-11-27T16:52:41.740+02:00  INFO 8948 --- [    Test worker] o.e.cosmocats.RepositoryIntegrationTest  : No active profile set, falling back to 1 default profile: "default"
2025-11-27T16:52:42.476+02:00  INFO 8948 --- [    Test worker] .s.d.r.c.RepositoryConfigurationDelegate : Bootstrapping Spring Data JPA repositories in DEFAULT mode.
2025-11-27T16:52:42.549+02:00  INFO 8948 --- [    Test worker] .s.d.r.c.RepositoryConfigurationDelegate : Finished Spring Data repository scanning in 62 ms. Found 5 JPA repository interfaces.
2025-11-27T16:52:43.314+02:00  INFO 8948 --- [    Test worker] com.zaxxer.hikari.HikariDataSource       : HikariPool-1 - Starting...
2025-11-27T16:52:43.579+02:00  INFO 8948 --- [    Test worker] com.zaxxer.hikari.pool.HikariPool        : HikariPool-1 - Added connection org.postgresql.jdbc.PgConnection@679864e0
2025-11-27T16:52:43.582+02:00  INFO 8948 --- [    Test worker] com.zaxxer.hikari.HikariDataSource       : HikariPool-1 - Start completed.
2025-11-27T16:52:43.870+02:00  INFO 8948 --- [    Test worker] liquibase.database                       : Set default schema name to public
2025-11-27T16:52:44.459+02:00  INFO 8948 --- [    Test worker] liquibase.changelog                      : Reading from public.databasechangelog
Database is up to date, no changesets to execute
2025-11-27T16:52:44.549+02:00  INFO 8948 --- [    Test worker] liquibase.changelog                      : Reading from public.databasechangelog
2025-11-27T16:52:44.559+02:00  INFO 8948 --- [    Test worker] liquibase.util                           : UPDATE SUMMARY
2025-11-27T16:52:44.560+02:00  INFO 8948 --- [    Test worker] liquibase.util                           : Run:                          0
2025-11-27T16:52:44.560+02:00  INFO 8948 --- [    Test worker] liquibase.util                           : Previously run:              10
2025-11-27T16:52:44.560+02:00  INFO 8948 --- [    Test worker] liquibase.util                           : Filtered out:                 0
2025-11-27T16:52:44.560+02:00  INFO 8948 --- [    Test worker] liquibase.util                           : -------------------------------
2025-11-27T16:52:44.560+02:00  INFO 8948 --- [    Test worker] liquibase.util                           : Total change sets:           10
2025-11-27T16:52:44.560+02:00  INFO 8948 --- [    Test worker] liquibase.util                           : Update summary generated
2025-11-27T16:52:44.602+02:00  INFO 8948 --- [    Test worker] liquibase.lockservice                    : Successfully released change log lock
2025-11-27T16:52:44.605+02:00  INFO 8948 --- [    Test worker] liquibase.command                        : Command execution complete
2025-11-27T16:52:44.760+02:00  INFO 8948 --- [    Test worker] o.hibernate.jpa.internal.util.LogHelper  : HHH000204: Processing PersistenceUnitInfo [name: default]
2025-11-27T16:52:44.836+02:00  INFO 8948 --- [    Test worker] org.hibernate.Version                    : HHH000412: Hibernate ORM core version 6.3.1.Final
2025-11-27T16:52:44.899+02:00  INFO 8948 --- [    Test worker] o.h.c.internal.RegionFactoryInitiator    : HHH000026: Second-level cache disabled
2025-11-27T16:52:45.240+02:00  INFO 8948 --- [    Test worker] o.s.o.j.p.SpringPersistenceUnitInfo      : No LoadTimeWeaver setup: ignoring JPA class transformer
2025-11-27T16:52:46.340+02:00  INFO 8948 --- [    Test worker] o.h.e.t.j.p.i.JtaPlatformInitiator       : HHH000489: No JTA platform available (set 'hibernate.transaction.jta.platform' to enable JTA platform integration)
2025-11-27T16:52:46.377+02:00  INFO 8948 --- [    Test worker] j.LocalContainerEntityManagerFactoryBean : Initialized JPA EntityManagerFactory for persistence unit 'default'
2025-11-27T16:52:46.851+02:00  INFO 8948 --- [    Test worker] o.s.d.j.r.query.QueryEnhancerFactory     : Hibernate is in classpath; If applicable, HQL parser will be used.
2025-11-27T16:52:47.681+02:00  WARN 8948 --- [    Test worker] JpaBaseConfiguration$JpaWebConfiguration : spring.jpa.open-in-view is enabled by default. Therefore, database queries may be performed during view rendering. Explicitly configure spring.jpa.open-in-view to disable this warning
2025-11-27T16:52:48.322+02:00  INFO 8948 --- [    Test worker] o.e.cosmocats.RepositoryIntegrationTest  : Started RepositoryIntegrationTest in 6.952 seconds (process running for 8.638)
[Demo] Calling CosmoCatService.getCosmoCats() ...
Hibernate: 
    select
        nextval('category_seq')
Hibernate: 
    insert 
    into
        categories
        (description, name, id) 
    values
        (?, ?, ?)
Hibernate: 
    select
        c1_0.id,
        c1_0.description,
        c1_0.name 
    from
        categories c1_0 
    where
        c1_0.id=?
Hibernate: 
    select
        nextval('product_seq')
Hibernate: 
    insert 
    into
        products
        (category_id, description, price, product_name, id) 
    values
        (?, ?, ?, ?, ?)
Hibernate: 
    select
        c1_0.id,
        c1_0.email,
        c1_0.full_name 
    from
        customers c1_0 
    where
        c1_0.email=?
Hibernate: 
    select
        p1_0.id,
        p1_0.category_id,
        p1_0.description,
        p1_0.price,
        p1_0.product_name 
    from
        products p1_0 
    where
        p1_0.id=?
Hibernate: 
    select
        nextval('orders_seq')
Hibernate: 
    select
        nextval('order_line_seq')
Hibernate: 
    insert 
    into
        orders
        (created_at, customer_id, order_number, status, id) 
    values
        (?, ?, ?, ?, ?)
Hibernate: 
    insert 
    into
        order_lines
        (order_id, price_at_purchase, product_id, quantity, id) 
    values
        (?, ?, ?, ?, ?)
]]></system-out>
  <system-err><![CDATA[[Demo] Exception calling getCosmoCats(): org.example.cosmocats.feature.FeatureNotAvailableException - Feature 'cosmoCats' is not available
WARNING: A Java agent has been loaded dynamically (C:\Users\maksd\.gradle\caches\modules-2\files-2.1\net.bytebuddy\byte-buddy-agent\1.14.10\90ed94ac044ea8953b224304c762316e91fd6b31\byte-buddy-agent-1.14.10.jar)
WARNING: If a serviceability tool is in use, please run with -XX:+EnableDynamicAgentLoading to hide this warning
WARNING: If a serviceability tool is not in use, please run with -Djdk.instrument.traceUsage for more information
WARNING: Dynamic loading of agents will be disallowed by default in a future release
]]></system-err>
</testsuite>
